<?xml version="1.0" encoding="UTF-8"?>
<!-- Generated by org.testng.reporters.JUnitReportReporter -->
<testsuite hostname="DESKTOP-03PBKMI" failures="0" tests="1" name="com.google.qa.FirstTest" time="8.044" errors="0" timestamp="16 ene. 2023 22:06:43 GMT" skipped="0">
  <testcase classname="com.google.qa.FirstTest" name="f" time="8.044"/>
</testsuite> <!-- com.google.qa.FirstTest -->
